<?xml version="1.0" encoding="UTF-8"?>
<!-- Generated by org.testng.reporters.JUnitXMLReporter -->
<testsuite hostname="Shiv" ignored="0" name="Default test" tests="6" failures="0" timestamp="2021-10-11T10:46:15 IST" time="5.207" errors="0">
  <testcase name="checkQueryParam" time="2.106" classname="simple.Test2"/>
  <testcase name="JsonSchemaValidator" time="1.853" classname="simple.Test2"/>
  <testcase name="checkHeader" time="0.314" classname="simple.Test2"/>
  <testcase name="deserializationTest" time="0.427" classname="simple.Test2"/>
  <testcase name="serializationTest" time="0.022" classname="simple.Test2"/>
  <testcase name="jsonPathCheck" time="0.237" classname="simple.Test2"/>
</testsuite> <!-- Default test -->
