<?xml version="1.0" encoding="UTF-8"?>
<!-- Generated by org.testng.reporters.JUnitXMLReporter -->
<testsuite ignored="2" hostname="Shiv" failures="0" tests="2" name="Test" time="0.04" errors="0" timestamp="2021-09-01T10:23:29 IST">
  <testcase classname="simple.Test1" name="m3" time="0.006"/>
  <testcase classname="simple.Test1" name="m4" time="0.002"/>
  <testcase classname="simple.Test1" name="m1" time="0.0">
    <ignored/>
  </testcase> <!-- m1 -->
  <testcase classname="simple.Test1" name="m2" time="0.0">
    <ignored/>
  </testcase> <!-- m2 -->
</testsuite> <!-- Test -->
